<?xml version="1.0" encoding="UTF-8"?>
<testng-results skipped="0" failed="0" ignored="0" total="1" passed="1">
  <reporter-output>
  </reporter-output>
  <suite name="All Test Suite" duration-ms="72532" started-at="2022-01-19T17:39:46Z" finished-at="2022-01-19T17:40:59Z">
    <groups>
    </groups>
    <test name="D:/AppFramework" duration-ms="72532" started-at="2022-01-19T17:39:46Z" finished-at="2022-01-19T17:40:59Z">
      <class name="app_testing">
        <test-method status="PASS" signature="startAppiumServer()[pri:0, instance:app_testing@17fd0e6]" name="startAppiumServer" is-config="true" duration-ms="4505" started-at="2022-01-19T17:39:46Z" finished-at="2022-01-19T17:39:51Z">
          <reporter-output>
          </reporter-output>
        </test-method> <!-- startAppiumServer -->
        <test-method status="PASS" signature="totalTest()[pri:0, instance:app_testing@17fd0e6]" name="totalTest" duration-ms="67948" started-at="2022-01-19T17:39:51Z" finished-at="2022-01-19T17:40:59Z">
          <reporter-output>
          </reporter-output>
        </test-method> <!-- totalTest -->
        <test-method status="PASS" signature="stopAppiumServer()[pri:0, instance:app_testing@17fd0e6]" name="stopAppiumServer" is-config="true" duration-ms="58" started-at="2022-01-19T17:40:59Z" finished-at="2022-01-19T17:40:59Z">
          <reporter-output>
          </reporter-output>
        </test-method> <!-- stopAppiumServer -->
      </class> <!-- app_testing -->
    </test> <!-- D:/AppFramework -->
  </suite> <!-- All Test Suite -->
</testng-results>
